2018-04-23 15:57:03,707 - Log4JLogChute initialized using file 'velocity.log'
2018-04-23 15:57:03,708 - Initializing Velocity, Calling init()...
2018-04-23 15:57:03,708 - Starting Apache Velocity v1.7 (compiled: 2010-11-19 12:14:37)
2018-04-23 15:57:03,708 - Default Properties File: org\apache\velocity\runtime\defaults\velocity.properties
2018-04-23 15:57:03,708 - Trying to use logger class org.apache.velocity.runtime.log.AvalonLogChute
2018-04-23 15:57:03,708 - Target log system for org.apache.velocity.runtime.log.AvalonLogChute is not available (java.lang.NoClassDefFoundError: org/apache/log/Priority).  Falling back to next log system...
2018-04-23 15:57:03,708 - Trying to use logger class org.apache.velocity.runtime.log.Log4JLogChute
2018-04-23 15:57:03,708 - Using logger class org.apache.velocity.runtime.log.Log4JLogChute
2018-04-23 15:57:03,710 - ResourceLoader instantiated: org.apache.velocity.runtime.resource.loader.ClasspathResourceLoader
2018-04-23 15:57:03,723 - ResourceCache: initialized (class org.apache.velocity.runtime.resource.ResourceCacheImpl) with class java.util.Collections$SynchronizedMap cache map.
2018-04-23 15:57:03,724 - Loaded System Directive: org.apache.velocity.runtime.directive.Stop
2018-04-23 15:57:03,725 - Loaded System Directive: org.apache.velocity.runtime.directive.Define
2018-04-23 15:57:03,725 - Loaded System Directive: org.apache.velocity.runtime.directive.Break
2018-04-23 15:57:03,725 - Loaded System Directive: org.apache.velocity.runtime.directive.Evaluate
2018-04-23 15:57:03,726 - Loaded System Directive: org.apache.velocity.runtime.directive.Literal
2018-04-23 15:57:03,726 - Loaded System Directive: org.apache.velocity.runtime.directive.Macro
2018-04-23 15:57:03,727 - Loaded System Directive: org.apache.velocity.runtime.directive.Parse
2018-04-23 15:57:03,727 - Loaded System Directive: org.apache.velocity.runtime.directive.Include
2018-04-23 15:57:03,728 - Loaded System Directive: org.apache.velocity.runtime.directive.Foreach
2018-04-23 15:57:03,734 - Created '20' parsers.
2018-04-23 15:57:03,735 - Velocimacro : "velocimacro.library" is not set.  Trying default library: VM_global_library.vm
2018-04-23 15:57:03,737 - Could not load resource 'VM_global_library.vm' from ResourceLoader org.apache.velocity.runtime.resource.loader.ClasspathResourceLoader: ClasspathResourceLoader Error: cannot find resource VM_global_library.vm
2018-04-23 15:57:03,737 - Velocimacro : Default library not found.
2018-04-23 15:57:03,737 - Velocimacro : allowInline = true : VMs can be defined inline in templates
2018-04-23 15:57:03,737 - Velocimacro : allowInlineToOverride = false : VMs defined inline may NOT replace previous VM definitions
2018-04-23 15:57:03,737 - Velocimacro : allowInlineLocal = false : VMs defined inline will be global in scope if allowed.
2018-04-23 15:57:03,737 - Velocimacro : autoload off : VM system will not automatically reload global library macros
2018-04-23 15:57:03,751 - ResourceManager : found /templates/entity.java.vm with loader org.apache.velocity.runtime.resource.loader.ClasspathResourceLoader
2018-04-23 15:57:03,757 - Left side (${versionFieldName}) of '==' operation has null value. If it is a reference, it may not be in the context or its toString() returned null. /templates/entity.java.vm[line 76, column 26]
2018-04-23 15:57:03,757 - Left side (${logicDeleteFieldName}) of '==' operation has null value. If it is a reference, it may not be in the context or its toString() returned null. /templates/entity.java.vm[line 80, column 30]
2018-04-23 15:57:03,757 - Left side (${versionFieldName}) of '==' operation has null value. If it is a reference, it may not be in the context or its toString() returned null. /templates/entity.java.vm[line 76, column 26]
2018-04-23 15:57:03,757 - Left side (${logicDeleteFieldName}) of '==' operation has null value. If it is a reference, it may not be in the context or its toString() returned null. /templates/entity.java.vm[line 80, column 30]
2018-04-23 15:57:03,757 - Left side (${versionFieldName}) of '==' operation has null value. If it is a reference, it may not be in the context or its toString() returned null. /templates/entity.java.vm[line 76, column 26]
2018-04-23 15:57:03,757 - Left side (${logicDeleteFieldName}) of '==' operation has null value. If it is a reference, it may not be in the context or its toString() returned null. /templates/entity.java.vm[line 80, column 30]
2018-04-23 15:57:03,757 - Left side (${versionFieldName}) of '==' operation has null value. If it is a reference, it may not be in the context or its toString() returned null. /templates/entity.java.vm[line 76, column 26]
2018-04-23 15:57:03,757 - Left side (${logicDeleteFieldName}) of '==' operation has null value. If it is a reference, it may not be in the context or its toString() returned null. /templates/entity.java.vm[line 80, column 30]
2018-04-23 15:57:03,757 - Left side (${versionFieldName}) of '==' operation has null value. If it is a reference, it may not be in the context or its toString() returned null. /templates/entity.java.vm[line 76, column 26]
2018-04-23 15:57:03,757 - Left side (${logicDeleteFieldName}) of '==' operation has null value. If it is a reference, it may not be in the context or its toString() returned null. /templates/entity.java.vm[line 80, column 30]
2018-04-23 15:57:03,758 - Left side (${versionFieldName}) of '==' operation has null value. If it is a reference, it may not be in the context or its toString() returned null. /templates/entity.java.vm[line 76, column 26]
2018-04-23 15:57:03,758 - Left side (${logicDeleteFieldName}) of '==' operation has null value. If it is a reference, it may not be in the context or its toString() returned null. /templates/entity.java.vm[line 80, column 30]
2018-04-23 15:57:03,758 - Left side (${versionFieldName}) of '==' operation has null value. If it is a reference, it may not be in the context or its toString() returned null. /templates/entity.java.vm[line 76, column 26]
2018-04-23 15:57:03,758 - Left side (${logicDeleteFieldName}) of '==' operation has null value. If it is a reference, it may not be in the context or its toString() returned null. /templates/entity.java.vm[line 80, column 30]
2018-04-23 15:57:03,758 - Left side (${versionFieldName}) of '==' operation has null value. If it is a reference, it may not be in the context or its toString() returned null. /templates/entity.java.vm[line 76, column 26]
2018-04-23 15:57:03,758 - Left side (${logicDeleteFieldName}) of '==' operation has null value. If it is a reference, it may not be in the context or its toString() returned null. /templates/entity.java.vm[line 80, column 30]
2018-04-23 15:57:03,758 - Left side (${versionFieldName}) of '==' operation has null value. If it is a reference, it may not be in the context or its toString() returned null. /templates/entity.java.vm[line 76, column 26]
2018-04-23 15:57:03,758 - Left side (${logicDeleteFieldName}) of '==' operation has null value. If it is a reference, it may not be in the context or its toString() returned null. /templates/entity.java.vm[line 80, column 30]
2018-04-23 15:57:03,758 - Left side (${versionFieldName}) of '==' operation has null value. If it is a reference, it may not be in the context or its toString() returned null. /templates/entity.java.vm[line 76, column 26]
2018-04-23 15:57:03,758 - Left side (${logicDeleteFieldName}) of '==' operation has null value. If it is a reference, it may not be in the context or its toString() returned null. /templates/entity.java.vm[line 80, column 30]
2018-04-23 15:57:03,758 - Left side (${versionFieldName}) of '==' operation has null value. If it is a reference, it may not be in the context or its toString() returned null. /templates/entity.java.vm[line 76, column 26]
2018-04-23 15:57:03,758 - Left side (${logicDeleteFieldName}) of '==' operation has null value. If it is a reference, it may not be in the context or its toString() returned null. /templates/entity.java.vm[line 80, column 30]
2018-04-23 15:57:03,758 - Left side (${versionFieldName}) of '==' operation has null value. If it is a reference, it may not be in the context or its toString() returned null. /templates/entity.java.vm[line 76, column 26]
2018-04-23 15:57:03,758 - Left side (${logicDeleteFieldName}) of '==' operation has null value. If it is a reference, it may not be in the context or its toString() returned null. /templates/entity.java.vm[line 80, column 30]
2018-04-23 15:57:03,758 - Left side (${versionFieldName}) of '==' operation has null value. If it is a reference, it may not be in the context or its toString() returned null. /templates/entity.java.vm[line 76, column 26]
2018-04-23 15:57:03,758 - Left side (${logicDeleteFieldName}) of '==' operation has null value. If it is a reference, it may not be in the context or its toString() returned null. /templates/entity.java.vm[line 80, column 30]
2018-04-23 15:57:03,759 - Left side (${versionFieldName}) of '==' operation has null value. If it is a reference, it may not be in the context or its toString() returned null. /templates/entity.java.vm[line 76, column 26]
2018-04-23 15:57:03,759 - Left side (${logicDeleteFieldName}) of '==' operation has null value. If it is a reference, it may not be in the context or its toString() returned null. /templates/entity.java.vm[line 80, column 30]
2018-04-23 15:57:03,759 - Left side (${versionFieldName}) of '==' operation has null value. If it is a reference, it may not be in the context or its toString() returned null. /templates/entity.java.vm[line 76, column 26]
2018-04-23 15:57:03,759 - Left side (${logicDeleteFieldName}) of '==' operation has null value. If it is a reference, it may not be in the context or its toString() returned null. /templates/entity.java.vm[line 80, column 30]
2018-04-23 15:57:03,763 - ResourceManager : found /templates/mapper.java.vm with loader org.apache.velocity.runtime.resource.loader.ClasspathResourceLoader
2018-04-23 15:57:03,766 - ResourceManager : found /templates/mapper.xml.vm with loader org.apache.velocity.runtime.resource.loader.ClasspathResourceLoader
2018-04-23 15:57:03,768 - ResourceManager : found /templates/service.java.vm with loader org.apache.velocity.runtime.resource.loader.ClasspathResourceLoader
2018-04-23 15:57:03,770 - ResourceManager : found /templates/serviceImpl.java.vm with loader org.apache.velocity.runtime.resource.loader.ClasspathResourceLoader
2018-04-23 15:57:03,772 - ResourceManager : found /templates/controller.java.vm with loader org.apache.velocity.runtime.resource.loader.ClasspathResourceLoader
2018-04-23 16:26:23,661 - Log4JLogChute initialized using file 'velocity.log'
2018-04-23 16:26:23,661 - Log4JLogChute initialized using file 'velocity.log'
2018-04-23 16:26:23,661 - Initializing Velocity, Calling init()...
2018-04-23 16:26:23,661 - Initializing Velocity, Calling init()...
2018-04-23 16:26:23,661 - Starting Apache Velocity v1.7 (compiled: 2010-11-19 12:14:37)
2018-04-23 16:26:23,661 - Starting Apache Velocity v1.7 (compiled: 2010-11-19 12:14:37)
2018-04-23 16:26:23,661 - Default Properties File: org\apache\velocity\runtime\defaults\velocity.properties
2018-04-23 16:26:23,661 - Default Properties File: org\apache\velocity\runtime\defaults\velocity.properties
2018-04-23 16:26:23,661 - Trying to use logger class org.apache.velocity.runtime.log.AvalonLogChute
2018-04-23 16:26:23,661 - Trying to use logger class org.apache.velocity.runtime.log.AvalonLogChute
2018-04-23 16:26:23,661 - Target log system for org.apache.velocity.runtime.log.AvalonLogChute is not available (java.lang.NoClassDefFoundError: Could not initialize class org.apache.velocity.runtime.log.AvalonLogChute).  Falling back to next log system...
2018-04-23 16:26:23,661 - Target log system for org.apache.velocity.runtime.log.AvalonLogChute is not available (java.lang.NoClassDefFoundError: Could not initialize class org.apache.velocity.runtime.log.AvalonLogChute).  Falling back to next log system...
2018-04-23 16:26:23,661 - Trying to use logger class org.apache.velocity.runtime.log.Log4JLogChute
2018-04-23 16:26:23,661 - Trying to use logger class org.apache.velocity.runtime.log.Log4JLogChute
2018-04-23 16:26:23,661 - Using logger class org.apache.velocity.runtime.log.Log4JLogChute
2018-04-23 16:26:23,661 - Using logger class org.apache.velocity.runtime.log.Log4JLogChute
2018-04-23 16:26:23,661 - ResourceLoader instantiated: org.apache.velocity.runtime.resource.loader.ClasspathResourceLoader
2018-04-23 16:26:23,661 - ResourceLoader instantiated: org.apache.velocity.runtime.resource.loader.ClasspathResourceLoader
2018-04-23 16:26:23,661 - ResourceCache: initialized (class org.apache.velocity.runtime.resource.ResourceCacheImpl) with class java.util.Collections$SynchronizedMap cache map.
2018-04-23 16:26:23,661 - ResourceCache: initialized (class org.apache.velocity.runtime.resource.ResourceCacheImpl) with class java.util.Collections$SynchronizedMap cache map.
2018-04-23 16:26:23,661 - Loaded System Directive: org.apache.velocity.runtime.directive.Stop
2018-04-23 16:26:23,661 - Loaded System Directive: org.apache.velocity.runtime.directive.Stop
2018-04-23 16:26:23,661 - Loaded System Directive: org.apache.velocity.runtime.directive.Define
2018-04-23 16:26:23,661 - Loaded System Directive: org.apache.velocity.runtime.directive.Define
2018-04-23 16:26:23,661 - Loaded System Directive: org.apache.velocity.runtime.directive.Break
2018-04-23 16:26:23,661 - Loaded System Directive: org.apache.velocity.runtime.directive.Break
2018-04-23 16:26:23,662 - Loaded System Directive: org.apache.velocity.runtime.directive.Evaluate
2018-04-23 16:26:23,662 - Loaded System Directive: org.apache.velocity.runtime.directive.Evaluate
2018-04-23 16:26:23,662 - Loaded System Directive: org.apache.velocity.runtime.directive.Literal
2018-04-23 16:26:23,662 - Loaded System Directive: org.apache.velocity.runtime.directive.Literal
2018-04-23 16:26:23,662 - Loaded System Directive: org.apache.velocity.runtime.directive.Macro
2018-04-23 16:26:23,662 - Loaded System Directive: org.apache.velocity.runtime.directive.Macro
2018-04-23 16:26:23,662 - Loaded System Directive: org.apache.velocity.runtime.directive.Parse
2018-04-23 16:26:23,662 - Loaded System Directive: org.apache.velocity.runtime.directive.Parse
2018-04-23 16:26:23,662 - Loaded System Directive: org.apache.velocity.runtime.directive.Include
2018-04-23 16:26:23,662 - Loaded System Directive: org.apache.velocity.runtime.directive.Include
2018-04-23 16:26:23,662 - Loaded System Directive: org.apache.velocity.runtime.directive.Foreach
2018-04-23 16:26:23,662 - Loaded System Directive: org.apache.velocity.runtime.directive.Foreach
2018-04-23 16:26:23,662 - Created '20' parsers.
2018-04-23 16:26:23,662 - Created '20' parsers.
2018-04-23 16:26:23,662 - Velocimacro : "velocimacro.library" is not set.  Trying default library: VM_global_library.vm
2018-04-23 16:26:23,662 - Velocimacro : "velocimacro.library" is not set.  Trying default library: VM_global_library.vm
2018-04-23 16:26:23,663 - Could not load resource 'VM_global_library.vm' from ResourceLoader org.apache.velocity.runtime.resource.loader.ClasspathResourceLoader: ClasspathResourceLoader Error: cannot find resource VM_global_library.vm
2018-04-23 16:26:23,663 - Could not load resource 'VM_global_library.vm' from ResourceLoader org.apache.velocity.runtime.resource.loader.ClasspathResourceLoader: ClasspathResourceLoader Error: cannot find resource VM_global_library.vm
2018-04-23 16:26:23,663 - Velocimacro : Default library not found.
2018-04-23 16:26:23,663 - Velocimacro : Default library not found.
2018-04-23 16:26:23,663 - Velocimacro : allowInline = true : VMs can be defined inline in templates
2018-04-23 16:26:23,663 - Velocimacro : allowInline = true : VMs can be defined inline in templates
2018-04-23 16:26:23,663 - Velocimacro : allowInlineToOverride = false : VMs defined inline may NOT replace previous VM definitions
2018-04-23 16:26:23,663 - Velocimacro : allowInlineToOverride = false : VMs defined inline may NOT replace previous VM definitions
2018-04-23 16:26:23,663 - Velocimacro : allowInlineLocal = false : VMs defined inline will be global in scope if allowed.
2018-04-23 16:26:23,663 - Velocimacro : allowInlineLocal = false : VMs defined inline will be global in scope if allowed.
2018-04-23 16:26:23,663 - Velocimacro : autoload off : VM system will not automatically reload global library macros
2018-04-23 16:26:23,663 - Velocimacro : autoload off : VM system will not automatically reload global library macros
2018-04-23 16:26:23,666 - ResourceManager : found /templates/entity.java.vm with loader org.apache.velocity.runtime.resource.loader.ClasspathResourceLoader
2018-04-23 16:26:23,666 - ResourceManager : found /templates/entity.java.vm with loader org.apache.velocity.runtime.resource.loader.ClasspathResourceLoader
2018-04-23 16:26:23,667 - Left side (${versionFieldName}) of '==' operation has null value. If it is a reference, it may not be in the context or its toString() returned null. /templates/entity.java.vm[line 76, column 26]
2018-04-23 16:26:23,667 - Left side (${versionFieldName}) of '==' operation has null value. If it is a reference, it may not be in the context or its toString() returned null. /templates/entity.java.vm[line 76, column 26]
2018-04-23 16:26:23,667 - Left side (${logicDeleteFieldName}) of '==' operation has null value. If it is a reference, it may not be in the context or its toString() returned null. /templates/entity.java.vm[line 80, column 30]
2018-04-23 16:26:23,667 - Left side (${logicDeleteFieldName}) of '==' operation has null value. If it is a reference, it may not be in the context or its toString() returned null. /templates/entity.java.vm[line 80, column 30]
2018-04-23 16:26:23,668 - Left side (${versionFieldName}) of '==' operation has null value. If it is a reference, it may not be in the context or its toString() returned null. /templates/entity.java.vm[line 76, column 26]
2018-04-23 16:26:23,668 - Left side (${versionFieldName}) of '==' operation has null value. If it is a reference, it may not be in the context or its toString() returned null. /templates/entity.java.vm[line 76, column 26]
2018-04-23 16:26:23,668 - Left side (${logicDeleteFieldName}) of '==' operation has null value. If it is a reference, it may not be in the context or its toString() returned null. /templates/entity.java.vm[line 80, column 30]
2018-04-23 16:26:23,668 - Left side (${logicDeleteFieldName}) of '==' operation has null value. If it is a reference, it may not be in the context or its toString() returned null. /templates/entity.java.vm[line 80, column 30]
2018-04-23 16:26:23,668 - Left side (${versionFieldName}) of '==' operation has null value. If it is a reference, it may not be in the context or its toString() returned null. /templates/entity.java.vm[line 76, column 26]
2018-04-23 16:26:23,668 - Left side (${versionFieldName}) of '==' operation has null value. If it is a reference, it may not be in the context or its toString() returned null. /templates/entity.java.vm[line 76, column 26]
2018-04-23 16:26:23,668 - Left side (${logicDeleteFieldName}) of '==' operation has null value. If it is a reference, it may not be in the context or its toString() returned null. /templates/entity.java.vm[line 80, column 30]
2018-04-23 16:26:23,668 - Left side (${logicDeleteFieldName}) of '==' operation has null value. If it is a reference, it may not be in the context or its toString() returned null. /templates/entity.java.vm[line 80, column 30]
2018-04-23 16:26:23,668 - Left side (${versionFieldName}) of '==' operation has null value. If it is a reference, it may not be in the context or its toString() returned null. /templates/entity.java.vm[line 76, column 26]
2018-04-23 16:26:23,668 - Left side (${versionFieldName}) of '==' operation has null value. If it is a reference, it may not be in the context or its toString() returned null. /templates/entity.java.vm[line 76, column 26]
2018-04-23 16:26:23,668 - Left side (${logicDeleteFieldName}) of '==' operation has null value. If it is a reference, it may not be in the context or its toString() returned null. /templates/entity.java.vm[line 80, column 30]
2018-04-23 16:26:23,668 - Left side (${logicDeleteFieldName}) of '==' operation has null value. If it is a reference, it may not be in the context or its toString() returned null. /templates/entity.java.vm[line 80, column 30]
2018-04-23 16:26:23,668 - Left side (${versionFieldName}) of '==' operation has null value. If it is a reference, it may not be in the context or its toString() returned null. /templates/entity.java.vm[line 76, column 26]
2018-04-23 16:26:23,668 - Left side (${versionFieldName}) of '==' operation has null value. If it is a reference, it may not be in the context or its toString() returned null. /templates/entity.java.vm[line 76, column 26]
2018-04-23 16:26:23,668 - Left side (${logicDeleteFieldName}) of '==' operation has null value. If it is a reference, it may not be in the context or its toString() returned null. /templates/entity.java.vm[line 80, column 30]
2018-04-23 16:26:23,668 - Left side (${logicDeleteFieldName}) of '==' operation has null value. If it is a reference, it may not be in the context or its toString() returned null. /templates/entity.java.vm[line 80, column 30]
2018-04-23 16:26:23,668 - Left side (${versionFieldName}) of '==' operation has null value. If it is a reference, it may not be in the context or its toString() returned null. /templates/entity.java.vm[line 76, column 26]
2018-04-23 16:26:23,668 - Left side (${versionFieldName}) of '==' operation has null value. If it is a reference, it may not be in the context or its toString() returned null. /templates/entity.java.vm[line 76, column 26]
2018-04-23 16:26:23,668 - Left side (${logicDeleteFieldName}) of '==' operation has null value. If it is a reference, it may not be in the context or its toString() returned null. /templates/entity.java.vm[line 80, column 30]
2018-04-23 16:26:23,668 - Left side (${logicDeleteFieldName}) of '==' operation has null value. If it is a reference, it may not be in the context or its toString() returned null. /templates/entity.java.vm[line 80, column 30]
2018-04-23 16:26:23,668 - Left side (${versionFieldName}) of '==' operation has null value. If it is a reference, it may not be in the context or its toString() returned null. /templates/entity.java.vm[line 76, column 26]
2018-04-23 16:26:23,668 - Left side (${versionFieldName}) of '==' operation has null value. If it is a reference, it may not be in the context or its toString() returned null. /templates/entity.java.vm[line 76, column 26]
2018-04-23 16:26:23,668 - Left side (${logicDeleteFieldName}) of '==' operation has null value. If it is a reference, it may not be in the context or its toString() returned null. /templates/entity.java.vm[line 80, column 30]
2018-04-23 16:26:23,668 - Left side (${logicDeleteFieldName}) of '==' operation has null value. If it is a reference, it may not be in the context or its toString() returned null. /templates/entity.java.vm[line 80, column 30]
2018-04-23 16:26:23,668 - Left side (${versionFieldName}) of '==' operation has null value. If it is a reference, it may not be in the context or its toString() returned null. /templates/entity.java.vm[line 76, column 26]
2018-04-23 16:26:23,668 - Left side (${versionFieldName}) of '==' operation has null value. If it is a reference, it may not be in the context or its toString() returned null. /templates/entity.java.vm[line 76, column 26]
2018-04-23 16:26:23,668 - Left side (${logicDeleteFieldName}) of '==' operation has null value. If it is a reference, it may not be in the context or its toString() returned null. /templates/entity.java.vm[line 80, column 30]
2018-04-23 16:26:23,668 - Left side (${logicDeleteFieldName}) of '==' operation has null value. If it is a reference, it may not be in the context or its toString() returned null. /templates/entity.java.vm[line 80, column 30]
2018-04-23 16:26:23,668 - Left side (${versionFieldName}) of '==' operation has null value. If it is a reference, it may not be in the context or its toString() returned null. /templates/entity.java.vm[line 76, column 26]
2018-04-23 16:26:23,668 - Left side (${versionFieldName}) of '==' operation has null value. If it is a reference, it may not be in the context or its toString() returned null. /templates/entity.java.vm[line 76, column 26]
2018-04-23 16:26:23,668 - Left side (${logicDeleteFieldName}) of '==' operation has null value. If it is a reference, it may not be in the context or its toString() returned null. /templates/entity.java.vm[line 80, column 30]
2018-04-23 16:26:23,668 - Left side (${logicDeleteFieldName}) of '==' operation has null value. If it is a reference, it may not be in the context or its toString() returned null. /templates/entity.java.vm[line 80, column 30]
2018-04-23 16:26:23,668 - Left side (${versionFieldName}) of '==' operation has null value. If it is a reference, it may not be in the context or its toString() returned null. /templates/entity.java.vm[line 76, column 26]
2018-04-23 16:26:23,668 - Left side (${versionFieldName}) of '==' operation has null value. If it is a reference, it may not be in the context or its toString() returned null. /templates/entity.java.vm[line 76, column 26]
2018-04-23 16:26:23,668 - Left side (${logicDeleteFieldName}) of '==' operation has null value. If it is a reference, it may not be in the context or its toString() returned null. /templates/entity.java.vm[line 80, column 30]
2018-04-23 16:26:23,668 - Left side (${logicDeleteFieldName}) of '==' operation has null value. If it is a reference, it may not be in the context or its toString() returned null. /templates/entity.java.vm[line 80, column 30]
2018-04-23 16:26:23,668 - Left side (${versionFieldName}) of '==' operation has null value. If it is a reference, it may not be in the context or its toString() returned null. /templates/entity.java.vm[line 76, column 26]
2018-04-23 16:26:23,668 - Left side (${versionFieldName}) of '==' operation has null value. If it is a reference, it may not be in the context or its toString() returned null. /templates/entity.java.vm[line 76, column 26]
2018-04-23 16:26:23,669 - Left side (${logicDeleteFieldName}) of '==' operation has null value. If it is a reference, it may not be in the context or its toString() returned null. /templates/entity.java.vm[line 80, column 30]
2018-04-23 16:26:23,669 - Left side (${logicDeleteFieldName}) of '==' operation has null value. If it is a reference, it may not be in the context or its toString() returned null. /templates/entity.java.vm[line 80, column 30]
2018-04-23 16:26:23,669 - Left side (${versionFieldName}) of '==' operation has null value. If it is a reference, it may not be in the context or its toString() returned null. /templates/entity.java.vm[line 76, column 26]
2018-04-23 16:26:23,669 - Left side (${versionFieldName}) of '==' operation has null value. If it is a reference, it may not be in the context or its toString() returned null. /templates/entity.java.vm[line 76, column 26]
2018-04-23 16:26:23,669 - Left side (${logicDeleteFieldName}) of '==' operation has null value. If it is a reference, it may not be in the context or its toString() returned null. /templates/entity.java.vm[line 80, column 30]
2018-04-23 16:26:23,669 - Left side (${logicDeleteFieldName}) of '==' operation has null value. If it is a reference, it may not be in the context or its toString() returned null. /templates/entity.java.vm[line 80, column 30]
2018-04-23 16:26:23,669 - Left side (${versionFieldName}) of '==' operation has null value. If it is a reference, it may not be in the context or its toString() returned null. /templates/entity.java.vm[line 76, column 26]
2018-04-23 16:26:23,669 - Left side (${versionFieldName}) of '==' operation has null value. If it is a reference, it may not be in the context or its toString() returned null. /templates/entity.java.vm[line 76, column 26]
2018-04-23 16:26:23,669 - Left side (${logicDeleteFieldName}) of '==' operation has null value. If it is a reference, it may not be in the context or its toString() returned null. /templates/entity.java.vm[line 80, column 30]
2018-04-23 16:26:23,669 - Left side (${logicDeleteFieldName}) of '==' operation has null value. If it is a reference, it may not be in the context or its toString() returned null. /templates/entity.java.vm[line 80, column 30]
2018-04-23 16:26:23,670 - ResourceManager : found /templates/mapper.java.vm with loader org.apache.velocity.runtime.resource.loader.ClasspathResourceLoader
2018-04-23 16:26:23,670 - ResourceManager : found /templates/mapper.java.vm with loader org.apache.velocity.runtime.resource.loader.ClasspathResourceLoader
2018-04-23 16:26:23,672 - ResourceManager : found /templates/mapper.xml.vm with loader org.apache.velocity.runtime.resource.loader.ClasspathResourceLoader
2018-04-23 16:26:23,672 - ResourceManager : found /templates/mapper.xml.vm with loader org.apache.velocity.runtime.resource.loader.ClasspathResourceLoader
2018-04-23 16:26:23,674 - ResourceManager : found /templates/service.java.vm with loader org.apache.velocity.runtime.resource.loader.ClasspathResourceLoader
2018-04-23 16:26:23,674 - ResourceManager : found /templates/service.java.vm with loader org.apache.velocity.runtime.resource.loader.ClasspathResourceLoader
2018-04-23 16:26:23,675 - ResourceManager : found /templates/serviceImpl.java.vm with loader org.apache.velocity.runtime.resource.loader.ClasspathResourceLoader
2018-04-23 16:26:23,675 - ResourceManager : found /templates/serviceImpl.java.vm with loader org.apache.velocity.runtime.resource.loader.ClasspathResourceLoader
2018-04-23 16:26:23,677 - ResourceManager : found /templates/controller.java.vm with loader org.apache.velocity.runtime.resource.loader.ClasspathResourceLoader
2018-04-23 16:26:23,677 - ResourceManager : found /templates/controller.java.vm with loader org.apache.velocity.runtime.resource.loader.ClasspathResourceLoader
